<?xml version="1.0" encoding="UTF-8"?>
<!-- Generated by org.testng.reporters.JUnitReportReporter -->
<testsuite hostname="DESKTOP-SHNC452" failures="0" tests="1" name="testNGDataProvider.DataproviderDemo" time="0.355" errors="0" timestamp="2025-01-14T12:26:50 IST" skipped="0">
  <testcase classname="testNGDataProvider.DataproviderDemo" name="login" time="0.355"/>
</testsuite> <!-- testNGDataProvider.DataproviderDemo -->
